c:\users\acer\desktop\school\fmi-cs\3 s\sdp\dbms\dbms\debug\vc142.pdb
c:\users\acer\desktop\school\fmi-cs\3 s\sdp\dbms\dbms\debug\vc142.idb
c:\users\acer\desktop\school\fmi-cs\3 s\sdp\dbms\dbms\debug\tokenizer.obj
c:\users\acer\desktop\school\fmi-cs\3 s\sdp\dbms\dbms\debug\table.obj
c:\users\acer\desktop\school\fmi-cs\3 s\sdp\dbms\dbms\debug\queryarguments.obj
c:\users\acer\desktop\school\fmi-cs\3 s\sdp\dbms\dbms\debug\query.obj
c:\users\acer\desktop\school\fmi-cs\3 s\sdp\dbms\dbms\debug\primarykey.obj
c:\users\acer\desktop\school\fmi-cs\3 s\sdp\dbms\dbms\debug\orderbyclause.obj
c:\users\acer\desktop\school\fmi-cs\3 s\sdp\dbms\dbms\debug\operation.obj
c:\users\acer\desktop\school\fmi-cs\3 s\sdp\dbms\dbms\debug\insertinto.obj
c:\users\acer\desktop\school\fmi-cs\3 s\sdp\dbms\dbms\debug\dbms.obj
c:\users\acer\desktop\school\fmi-cs\3 s\sdp\dbms\dbms\debug\datarow.obj
c:\users\acer\desktop\school\fmi-cs\3 s\sdp\dbms\dbms\debug\createtable.obj
c:\users\acer\desktop\school\fmi-cs\3 s\sdp\dbms\dbms\debug\createindex.obj
c:\users\acer\desktop\school\fmi-cs\3 s\sdp\dbms\dbms\debug\condition.obj
c:\users\acer\desktop\school\fmi-cs\3 s\sdp\dbms\dbms\debug\columns.obj
c:\users\acer\desktop\school\fmi-cs\3 s\sdp\dbms\dbms\debug\columndatatypepairs.obj
c:\users\acer\desktop\school\fmi-cs\3 s\sdp\dbms\dbms\debug\btree.obj
c:\users\acer\desktop\school\fmi-cs\3 s\sdp\dbms\dbms\debug\assignoperations.obj
c:\users\acer\desktop\school\fmi-cs\3 s\sdp\dbms\dbms\debug\aggregates.obj
c:\users\acer\desktop\school\fmi-cs\3 s\sdp\dbms\dbms\debug\aggregate.obj
c:\users\acer\desktop\school\fmi-cs\3 s\sdp\dbms\dbms\debug\whereclauses.obj
c:\users\acer\desktop\school\fmi-cs\3 s\sdp\dbms\dbms\debug\whereclause.obj
c:\users\acer\desktop\school\fmi-cs\3 s\sdp\dbms\dbms\debug\values.obj
c:\users\acer\desktop\school\fmi-cs\3 s\sdp\dbms\dbms\debug\update.obj
c:\users\acer\desktop\school\fmi-cs\3 s\sdp\dbms\dbms\debug\tokenizertest.obj
c:\users\acer\desktop\school\fmi-cs\3 s\sdp\dbms\dbms\debug\tabletests.obj
c:\users\acer\desktop\school\fmi-cs\3 s\sdp\dbms\dbms\debug\operationtests.obj
c:\users\acer\desktop\school\fmi-cs\3 s\sdp\dbms\dbms\debug\tokenizertests.obj
c:\users\acer\desktop\school\fmi-cs\3 s\sdp\dbms\dbms\debug\datacolumn.obj
c:\users\acer\desktop\school\fmi-cs\3 s\sdp\dbms\dbms\debug\btreetests.obj
c:\users\acer\desktop\school\fmi-cs\3 s\sdp\dbms\dbms\debug\aggregate.xdc
c:\users\acer\desktop\school\fmi-cs\3 s\sdp\dbms\dbms\debug\aggregates.xdc
c:\users\acer\desktop\school\fmi-cs\3 s\sdp\dbms\dbms\debug\assignoperations.xdc
c:\users\acer\desktop\school\fmi-cs\3 s\sdp\dbms\dbms\debug\btree.xdc
c:\users\acer\desktop\school\fmi-cs\3 s\sdp\dbms\dbms\debug\columndatatypepairs.xdc
c:\users\acer\desktop\school\fmi-cs\3 s\sdp\dbms\dbms\debug\columns.xdc
c:\users\acer\desktop\school\fmi-cs\3 s\sdp\dbms\dbms\debug\condition.xdc
c:\users\acer\desktop\school\fmi-cs\3 s\sdp\dbms\dbms\debug\createindex.xdc
c:\users\acer\desktop\school\fmi-cs\3 s\sdp\dbms\dbms\debug\createtable.xdc
c:\users\acer\desktop\school\fmi-cs\3 s\sdp\dbms\dbms\debug\datarow.xdc
c:\users\acer\desktop\school\fmi-cs\3 s\sdp\dbms\dbms\debug\datacolumn.xdc
c:\users\acer\desktop\school\fmi-cs\3 s\sdp\dbms\dbms\debug\dbms.xdc
c:\users\acer\desktop\school\fmi-cs\3 s\sdp\dbms\dbms\debug\insertinto.xdc
c:\users\acer\desktop\school\fmi-cs\3 s\sdp\dbms\dbms\debug\operation.xdc
c:\users\acer\desktop\school\fmi-cs\3 s\sdp\dbms\dbms\debug\orderbyclause.xdc
c:\users\acer\desktop\school\fmi-cs\3 s\sdp\dbms\dbms\debug\primarykey.xdc
c:\users\acer\desktop\school\fmi-cs\3 s\sdp\dbms\dbms\debug\query.xdc
c:\users\acer\desktop\school\fmi-cs\3 s\sdp\dbms\dbms\debug\queryarguments.xdc
c:\users\acer\desktop\school\fmi-cs\3 s\sdp\dbms\dbms\debug\table.xdc
c:\users\acer\desktop\school\fmi-cs\3 s\sdp\dbms\dbms\debug\tokenizer.xdc
c:\users\acer\desktop\school\fmi-cs\3 s\sdp\dbms\dbms\debug\btreetests.xdc
c:\users\acer\desktop\school\fmi-cs\3 s\sdp\dbms\dbms\debug\operationtests.xdc
c:\users\acer\desktop\school\fmi-cs\3 s\sdp\dbms\dbms\debug\tabletests.xdc
c:\users\acer\desktop\school\fmi-cs\3 s\sdp\dbms\dbms\debug\tokenizertests.xdc
c:\users\acer\desktop\school\fmi-cs\3 s\sdp\dbms\dbms\debug\update.xdc
c:\users\acer\desktop\school\fmi-cs\3 s\sdp\dbms\dbms\debug\values.xdc
c:\users\acer\desktop\school\fmi-cs\3 s\sdp\dbms\dbms\debug\whereclause.xdc
c:\users\acer\desktop\school\fmi-cs\3 s\sdp\dbms\dbms\debug\whereclauses.xdc
c:\users\acer\desktop\school\fmi-cs\3 s\sdp\dbms\debug\dbms.xml
c:\users\acer\desktop\school\fmi-cs\3 s\sdp\dbms\dbms\debug\dbms.ilk
c:\users\acer\desktop\school\fmi-cs\3 s\sdp\dbms\debug\dbms.pdb
c:\users\acer\desktop\school\fmi-cs\3 s\sdp\dbms\debug\dbms.exe
c:\users\acer\desktop\school\fmi-cs\3 s\sdp\dbms\dbms\debug\dbms.tlog\cl.command.1.tlog
c:\users\acer\desktop\school\fmi-cs\3 s\sdp\dbms\dbms\debug\dbms.tlog\cl.read.1.tlog
c:\users\acer\desktop\school\fmi-cs\3 s\sdp\dbms\dbms\debug\dbms.tlog\cl.write.1.tlog
c:\users\acer\desktop\school\fmi-cs\3 s\sdp\dbms\dbms\debug\dbms.tlog\link.command.1.tlog
c:\users\acer\desktop\school\fmi-cs\3 s\sdp\dbms\dbms\debug\dbms.tlog\link.read.1.tlog
c:\users\acer\desktop\school\fmi-cs\3 s\sdp\dbms\dbms\debug\dbms.tlog\link.write.1.tlog
c:\users\acer\desktop\school\fmi-cs\3 s\sdp\dbms\dbms\debug\dbms.tlog\xdcmake.command.1.tlog
c:\users\acer\desktop\school\fmi-cs\3 s\sdp\dbms\dbms\debug\dbms.tlog\xdcmake.read.1.tlog
c:\users\acer\desktop\school\fmi-cs\3 s\sdp\dbms\dbms\debug\dbms.tlog\xdcmake.write.1.tlog
